[2.235s] Invoking command in '/home/dongxu/ros2_ws/src/build/turtlesim': CMAKE_PREFIX_PATH=${CMAKE_PREFIX_PATH}:/home/dongxu/ros2_ws/install/sutd_ws:/home/dongxu/ros2_ws/install/py_pubsub:/home/dongxu/ros2_ws/install/launch_testing_examples:/home/dongxu/ros2_ws/install/examples_rclpy_pointcloud_publisher:/home/dongxu/ros2_ws/install/examples_rclpy_minimal_subscriber:/home/dongxu/ros2_ws/install/examples_rclpy_minimal_service:/home/dongxu/ros2_ws/install/examples_rclpy_minimal_publisher:/home/dongxu/ros2_ws/install/examples_rclpy_minimal_client:/home/dongxu/ros2_ws/install/examples_rclpy_minimal_action_server:/home/dongxu/ros2_ws/install/examples_rclpy_minimal_action_client:/home/dongxu/ros2_ws/install/examples_rclpy_guard_conditions:/home/dongxu/ros2_ws/install/examples_rclpy_executors:/home/dongxu/ros2_ws/src/install/sutd_ws:/home/dongxu/ros2_ws/src/install/py_pubsub:/home/dongxu/ros2_ws/src/install/launch_testing_examples:/home/dongxu/ros2_ws/src/install/examples_rclpy_pointcloud_publisher:/home/dongxu/ros2_ws/src/install/examples_rclpy_minimal_subscriber:/home/dongxu/ros2_ws/src/install/examples_rclpy_minimal_service:/home/dongxu/ros2_ws/src/install/examples_rclpy_minimal_publisher:/home/dongxu/ros2_ws/src/install/examples_rclpy_minimal_client:/home/dongxu/ros2_ws/src/install/examples_rclpy_minimal_action_server:/home/dongxu/ros2_ws/src/install/examples_rclpy_minimal_action_client:/home/dongxu/ros2_ws/src/install/examples_rclpy_guard_conditions:/home/dongxu/ros2_ws/src/install/examples_rclpy_executors:/home/dongxu/ros2_ws/src/sutd_ws/install/sutd_ws:/opt/ros/humble /usr/bin/cmake --build /home/dongxu/ros2_ws/src/build/turtlesim -- -j16 -l16
[2.292s] failed to create symbolic link '/home/dongxu/ros2_ws/src/build/turtlesim/ament_cmake_python/turtlesim/turtlesim' because existing path cannot be removed: Is a directory
[2.293s] gmake[2]: *** [CMakeFiles/ament_cmake_python_symlink_turtlesim.dir/build.make:70: CMakeFiles/ament_cmake_python_symlink_turtlesim] Error 1
[2.294s] gmake[1]: *** [CMakeFiles/Makefile2:429: CMakeFiles/ament_cmake_python_symlink_turtlesim.dir/all] Error 2
[2.294s] gmake[1]: *** Waiting for unfinished jobs....
[2.309s] [ 10%] Built target turtlesim__rosidl_generator_c
[2.310s] [ 11%] Built target turtlesim__cpp
[2.312s] gmake: *** [Makefile:146: all] Error 2
[2.316s] Invoked command in '/home/dongxu/ros2_ws/src/build/turtlesim' returned '2': CMAKE_PREFIX_PATH=${CMAKE_PREFIX_PATH}:/home/dongxu/ros2_ws/install/sutd_ws:/home/dongxu/ros2_ws/install/py_pubsub:/home/dongxu/ros2_ws/install/launch_testing_examples:/home/dongxu/ros2_ws/install/examples_rclpy_pointcloud_publisher:/home/dongxu/ros2_ws/install/examples_rclpy_minimal_subscriber:/home/dongxu/ros2_ws/install/examples_rclpy_minimal_service:/home/dongxu/ros2_ws/install/examples_rclpy_minimal_publisher:/home/dongxu/ros2_ws/install/examples_rclpy_minimal_client:/home/dongxu/ros2_ws/install/examples_rclpy_minimal_action_server:/home/dongxu/ros2_ws/install/examples_rclpy_minimal_action_client:/home/dongxu/ros2_ws/install/examples_rclpy_guard_conditions:/home/dongxu/ros2_ws/install/examples_rclpy_executors:/home/dongxu/ros2_ws/src/install/sutd_ws:/home/dongxu/ros2_ws/src/install/py_pubsub:/home/dongxu/ros2_ws/src/install/launch_testing_examples:/home/dongxu/ros2_ws/src/install/examples_rclpy_pointcloud_publisher:/home/dongxu/ros2_ws/src/install/examples_rclpy_minimal_subscriber:/home/dongxu/ros2_ws/src/install/examples_rclpy_minimal_service:/home/dongxu/ros2_ws/src/install/examples_rclpy_minimal_publisher:/home/dongxu/ros2_ws/src/install/examples_rclpy_minimal_client:/home/dongxu/ros2_ws/src/install/examples_rclpy_minimal_action_server:/home/dongxu/ros2_ws/src/install/examples_rclpy_minimal_action_client:/home/dongxu/ros2_ws/src/install/examples_rclpy_guard_conditions:/home/dongxu/ros2_ws/src/install/examples_rclpy_executors:/home/dongxu/ros2_ws/src/sutd_ws/install/sutd_ws:/opt/ros/humble /usr/bin/cmake --build /home/dongxu/ros2_ws/src/build/turtlesim -- -j16 -l16
