[2.249s] Invoking command in '/home/dongxu/ros2_ws/src/build/turtlesim': CMAKE_PREFIX_PATH=${CMAKE_PREFIX_PATH}:/home/dongxu/ros2_ws/install/sutd_ws:/home/dongxu/ros2_ws/install/py_pubsub:/home/dongxu/ros2_ws/install/launch_testing_examples:/home/dongxu/ros2_ws/install/examples_rclpy_pointcloud_publisher:/home/dongxu/ros2_ws/install/examples_rclpy_minimal_subscriber:/home/dongxu/ros2_ws/install/examples_rclpy_minimal_service:/home/dongxu/ros2_ws/install/examples_rclpy_minimal_publisher:/home/dongxu/ros2_ws/install/examples_rclpy_minimal_client:/home/dongxu/ros2_ws/install/examples_rclpy_minimal_action_server:/home/dongxu/ros2_ws/install/examples_rclpy_minimal_action_client:/home/dongxu/ros2_ws/install/examples_rclpy_guard_conditions:/home/dongxu/ros2_ws/install/examples_rclpy_executors:/home/dongxu/ros2_ws/src/install/sutd_ws:/home/dongxu/ros2_ws/src/install/py_pubsub:/home/dongxu/ros2_ws/src/install/launch_testing_examples:/home/dongxu/ros2_ws/src/install/examples_rclpy_pointcloud_publisher:/home/dongxu/ros2_ws/src/install/examples_rclpy_minimal_subscriber:/home/dongxu/ros2_ws/src/install/examples_rclpy_minimal_service:/home/dongxu/ros2_ws/src/install/examples_rclpy_minimal_publisher:/home/dongxu/ros2_ws/src/install/examples_rclpy_minimal_client:/home/dongxu/ros2_ws/src/install/examples_rclpy_minimal_action_server:/home/dongxu/ros2_ws/src/install/examples_rclpy_minimal_action_client:/home/dongxu/ros2_ws/src/install/examples_rclpy_guard_conditions:/home/dongxu/ros2_ws/src/install/examples_rclpy_executors:/home/dongxu/ros2_ws/src/sutd_ws/install/sutd_ws:/opt/ros/humble /usr/bin/cmake --build /home/dongxu/ros2_ws/src/build/turtlesim -- -j16 -l16
[2.313s] [  1%] Built target turtlesim__cpp
[2.323s] failed to create symbolic link '/home/dongxu/ros2_ws/src/build/turtlesim/ament_cmake_python/turtlesim/turtlesim' because existing path cannot be removed: Is a directory
[2.324s] gmake[2]: *** [CMakeFiles/ament_cmake_python_symlink_turtlesim.dir/build.make:70: CMakeFiles/ament_cmake_python_symlink_turtlesim] Error 1
[2.324s] gmake[1]: *** [CMakeFiles/Makefile2:429: CMakeFiles/ament_cmake_python_symlink_turtlesim.dir/all] Error 2
[2.324s] gmake[1]: *** Waiting for unfinished jobs....
[2.333s] [ 11%] Built target turtlesim__rosidl_generator_c
[2.351s] [35m[1mConsolidate compiler generated dependencies of target turtlesim__rosidl_typesupport_introspection_cpp[0m
[2.355s] [35m[1mConsolidate compiler generated dependencies of target turtlesim__rosidl_typesupport_cpp[0m
[2.363s] [35m[1mConsolidate compiler generated dependencies of target turtlesim__rosidl_typesupport_fastrtps_cpp[0m
[2.385s] [ 21%] Built target turtlesim__rosidl_typesupport_introspection_cpp
[2.390s] [ 31%] Built target turtlesim__rosidl_typesupport_cpp
[2.393s] [ 41%] Built target turtlesim__rosidl_typesupport_fastrtps_cpp
[2.395s] gmake: *** [Makefile:146: all] Error 2
[2.398s] Invoked command in '/home/dongxu/ros2_ws/src/build/turtlesim' returned '2': CMAKE_PREFIX_PATH=${CMAKE_PREFIX_PATH}:/home/dongxu/ros2_ws/install/sutd_ws:/home/dongxu/ros2_ws/install/py_pubsub:/home/dongxu/ros2_ws/install/launch_testing_examples:/home/dongxu/ros2_ws/install/examples_rclpy_pointcloud_publisher:/home/dongxu/ros2_ws/install/examples_rclpy_minimal_subscriber:/home/dongxu/ros2_ws/install/examples_rclpy_minimal_service:/home/dongxu/ros2_ws/install/examples_rclpy_minimal_publisher:/home/dongxu/ros2_ws/install/examples_rclpy_minimal_client:/home/dongxu/ros2_ws/install/examples_rclpy_minimal_action_server:/home/dongxu/ros2_ws/install/examples_rclpy_minimal_action_client:/home/dongxu/ros2_ws/install/examples_rclpy_guard_conditions:/home/dongxu/ros2_ws/install/examples_rclpy_executors:/home/dongxu/ros2_ws/src/install/sutd_ws:/home/dongxu/ros2_ws/src/install/py_pubsub:/home/dongxu/ros2_ws/src/install/launch_testing_examples:/home/dongxu/ros2_ws/src/install/examples_rclpy_pointcloud_publisher:/home/dongxu/ros2_ws/src/install/examples_rclpy_minimal_subscriber:/home/dongxu/ros2_ws/src/install/examples_rclpy_minimal_service:/home/dongxu/ros2_ws/src/install/examples_rclpy_minimal_publisher:/home/dongxu/ros2_ws/src/install/examples_rclpy_minimal_client:/home/dongxu/ros2_ws/src/install/examples_rclpy_minimal_action_server:/home/dongxu/ros2_ws/src/install/examples_rclpy_minimal_action_client:/home/dongxu/ros2_ws/src/install/examples_rclpy_guard_conditions:/home/dongxu/ros2_ws/src/install/examples_rclpy_executors:/home/dongxu/ros2_ws/src/sutd_ws/install/sutd_ws:/opt/ros/humble /usr/bin/cmake --build /home/dongxu/ros2_ws/src/build/turtlesim -- -j16 -l16
